{"numFailedTestSuites":1,"numFailedTests":1,"numPassedTestSuites":5,"numPassedTests":11,"numPendingTestSuites":0,"numPendingTests":0,"numRuntimeErrorTestSuites":0,"numTodoTests":0,"numTotalTestSuites":6,"numTotalTests":12,"openHandles":[],"snapshot":{"added":0,"didUpdate":false,"failure":false,"filesAdded":0,"filesRemoved":0,"filesRemovedList":[],"filesUnmatched":0,"filesUpdated":0,"matched":0,"total":0,"unchecked":0,"uncheckedKeysByFile":[],"unmatched":0,"updated":0},"startTime":1755175058781,"success":false,"testResults":[{"assertionResults":[{"ancestorTitles":[],"duration":242,"failureDetails":[],"failureMessages":[],"fullName":"renders all payments and actions buttons","invocations":1,"location":null,"numPassingAsserts":2,"retryReasons":[],"status":"passed","title":"renders all payments and actions buttons"},{"ancestorTitles":[],"duration":152,"failureDetails":[],"failureMessages":[],"fullName":"search filters payments by text","invocations":1,"location":null,"numPassingAsserts":3,"retryReasons":[],"status":"passed","title":"search filters payments by text"},{"ancestorTitles":[],"duration":289,"failureDetails":[{"name":"TestingLibraryElementError"}],"failureMessages":["TestingLibraryElementError: Unable to find an accessible element with the role \"combobox\" and name `/all/i`\n\nHere are the accessible roles:\n\n  banner:\n\n  Name \"\":\n  \u001b[36m<header\u001b[39m\n    \u001b[33mclass\u001b[39m=\u001b[32m\"mb-2\"\u001b[39m\n  \u001b[36m/>\u001b[39m\n\n  --------------------------------------------------\n  heading:\n\n  Name \"Payments\":\n  \u001b[36m<h1\u001b[39m\n    \u001b[33mclass\u001b[39m=\u001b[32m\"text-base font-semibold leading-tight\"\u001b[39m\n  \u001b[36m/>\u001b[39m\n\n  Name \"Transactions\":\n  \u001b[36m<h3\u001b[39m\n    \u001b[33mclass\u001b[39m=\u001b[32m\"text-2xl font-semibold leading-none tracking-tight\"\u001b[39m\n  \u001b[36m/>\u001b[39m\n\n  --------------------------------------------------\n  paragraph:\n\n  Name \"\":\n  \u001b[36m<p\u001b[39m\n    \u001b[33mclass\u001b[39m=\u001b[32m\"text-sm text-muted-foreground\"\u001b[39m\n  \u001b[36m/>\u001b[39m\n\n  Name \"\":\n  \u001b[36m<p\u001b[39m\n    \u001b[33mclass\u001b[39m=\u001b[32m\"text-sm text-muted-foreground\"\u001b[39m\n  \u001b[36m/>\u001b[39m\n\n  --------------------------------------------------\n  textbox:\n\n  Name \"\":\n  \u001b[36m<input\u001b[39m\n    \u001b[33mclass\u001b[39m=\u001b[32m\"flex h-10 rounded-md border border-input bg-background px-3 py-2 text-base ring-offset-background file:border-0 file:bg-transparent file:text-sm file:font-medium file:text-foreground placeholder:text-muted-foreground focus-visible:outline-none focus-visible:ring-2 focus-visible:ring-ring focus-visible:ring-offset-2 disabled:cursor-not-allowed disabled:opacity-50 md:text-sm w-full sm:w-56\"\u001b[39m\n    \u001b[33mplaceholder\u001b[39m=\u001b[32m\"Search payments...\"\u001b[39m\n    \u001b[33mvalue\u001b[39m=\u001b[32m\"\"\u001b[39m\n  \u001b[36m/>\u001b[39m\n\n  --------------------------------------------------\n  combobox:\n\n  Name \"\":\n  \u001b[36m<button\u001b[39m\n    \u001b[33maria-autocomplete\u001b[39m=\u001b[32m\"none\"\u001b[39m\n    \u001b[33maria-controls\u001b[39m=\u001b[32m\"radix-:rm:\"\u001b[39m\n    \u001b[33maria-expanded\u001b[39m=\u001b[32m\"false\"\u001b[39m\n    \u001b[33mclass\u001b[39m=\u001b[32m\"flex h-10 items-center justify-between rounded-md border border-input bg-background px-3 py-2 text-sm ring-offset-background placeholder:text-muted-foreground focus:outline-none focus:ring-2 focus:ring-ring focus:ring-offset-2 disabled:cursor-not-allowed disabled:opacity-50 [&>span]:line-clamp-1 w-[140px]\"\u001b[39m\n    \u001b[33mdata-state\u001b[39m=\u001b[32m\"closed\"\u001b[39m\n    \u001b[33mdir\u001b[39m=\u001b[32m\"ltr\"\u001b[39m\n    \u001b[33mrole\u001b[39m=\u001b[32m\"combobox\"\u001b[39m\n    \u001b[33mtype\u001b[39m=\u001b[32m\"button\"\u001b[39m\n  \u001b[36m/>\u001b[39m\n\n  --------------------------------------------------\n  table:\n\n  Name \"Recent activity\":\n  \u001b[36m<table\u001b[39m\n    \u001b[33mclass\u001b[39m=\u001b[32m\"w-full caption-bottom text-sm\"\u001b[39m\n  \u001b[36m/>\u001b[39m\n\n  --------------------------------------------------\n  caption:\n\n  Name \"Recent activity\":\n  \u001b[36m<caption\u001b[39m\n    \u001b[33mclass\u001b[39m=\u001b[32m\"mt-4 text-sm text-muted-foreground\"\u001b[39m\n  \u001b[36m/>\u001b[39m\n\n  --------------------------------------------------\n  rowgroup:\n\n  Name \"\":\n  \u001b[36m<thead\u001b[39m\n    \u001b[33mclass\u001b[39m=\u001b[32m\"[&_tr]:border-b\"\u001b[39m\n  \u001b[36m/>\u001b[39m\n\n  Name \"\":\n  \u001b[36m<tbody\u001b[39m\n    \u001b[33mclass\u001b[39m=\u001b[32m\"[&_tr:last-child]:border-0\"\u001b[39m\n  \u001b[36m/>\u001b[39m\n\n  --------------------------------------------------\n  row:\n\n  Name \"Date Type Amount Status Actions\":\n  \u001b[36m<tr\u001b[39m\n    \u001b[33mclass\u001b[39m=\u001b[32m\"border-b transition-colors hover:bg-muted/50 data-[state=selected]:bg-muted\"\u001b[39m\n  \u001b[36m/>\u001b[39m\n\n  Name \"2025-07-01 Tip $24.50 completed\":\n  \u001b[36m<tr\u001b[39m\n    \u001b[33mclass\u001b[39m=\u001b[32m\"border-b transition-colors hover:bg-muted/50 data-[state=selected]:bg-muted\"\u001b[39m\n  \u001b[36m/>\u001b[39m\n\n  Name \"2025-07-03 Payout $120.00 pending\":\n  \u001b[36m<tr\u001b[39m\n    \u001b[33mclass\u001b[39m=\u001b[32m\"border-b transition-colors hover:bg-muted/50 data-[state=selected]:bg-muted\"\u001b[39m\n  \u001b[36m/>\u001b[39m\n\n  Name \"2025-07-08 Subscription $9.99 failed\":\n  \u001b[36m<tr\u001b[39m\n    \u001b[33mclass\u001b[39m=\u001b[32m\"border-b transition-colors hover:bg-muted/50 data-[state=selected]:bg-muted\"\u001b[39m\n  \u001b[36m/>\u001b[39m\n\n  --------------------------------------------------\n  columnheader:\n\n  Name \"Date\":\n  \u001b[36m<th\u001b[39m\n    \u001b[33mclass\u001b[39m=\u001b[32m\"h-12 px-4 text-left align-middle font-medium text-muted-foreground [&:has([role=checkbox])]:pr-0\"\u001b[39m\n  \u001b[36m/>\u001b[39m\n\n  Name \"Type\":\n  \u001b[36m<th\u001b[39m\n    \u001b[33mclass\u001b[39m=\u001b[32m\"h-12 px-4 text-left align-middle font-medium text-muted-foreground [&:has([role=checkbox])]:pr-0\"\u001b[39m\n  \u001b[36m/>\u001b[39m\n\n  Name \"Amount\":\n  \u001b[36m<th\u001b[39m\n    \u001b[33mclass\u001b[39m=\u001b[32m\"h-12 px-4 text-left align-middle font-medium text-muted-foreground [&:has([role=checkbox])]:pr-0\"\u001b[39m\n  \u001b[36m/>\u001b[39m\n\n  Name \"Status\":\n  \u001b[36m<th\u001b[39m\n    \u001b[33mclass\u001b[39m=\u001b[32m\"h-12 px-4 text-left align-middle font-medium text-muted-foreground [&:has([role=checkbox])]:pr-0\"\u001b[39m\n  \u001b[36m/>\u001b[39m\n\n  Name \"Actions\":\n  \u001b[36m<th\u001b[39m\n    \u001b[33mclass\u001b[39m=\u001b[32m\"h-12 px-4 align-middle font-medium text-muted-foreground [&:has([role=checkbox])]:pr-0 text-right\"\u001b[39m\n  \u001b[36m/>\u001b[39m\n\n  --------------------------------------------------\n  cell:\n\n  Name \"2025-07-01\":\n  \u001b[36m<td\u001b[39m\n    \u001b[33mclass\u001b[39m=\u001b[32m\"p-4 align-middle [&:has([role=checkbox])]:pr-0\"\u001b[39m\n  \u001b[36m/>\u001b[39m\n\n  Name \"Tip\":\n  \u001b[36m<td\u001b[39m\n    \u001b[33mclass\u001b[39m=\u001b[32m\"p-4 align-middle [&:has([role=checkbox])]:pr-0\"\u001b[39m\n  \u001b[36m/>\u001b[39m\n\n  Name \"$24.50\":\n  \u001b[36m<td\u001b[39m\n    \u001b[33mclass\u001b[39m=\u001b[32m\"p-4 align-middle [&:has([role=checkbox])]:pr-0\"\u001b[39m\n  \u001b[36m/>\u001b[39m\n\n  Name \"completed\":\n  \u001b[36m<td\u001b[39m\n    \u001b[33mclass\u001b[39m=\u001b[32m\"p-4 align-middle [&:has([role=checkbox])]:pr-0\"\u001b[39m\n  \u001b[36m/>\u001b[39m\n\n  Name \"\":\n  \u001b[36m<td\u001b[39m\n    \u001b[33mclass\u001b[39m=\u001b[32m\"p-4 align-middle [&:has([role=checkbox])]:pr-0 text-right\"\u001b[39m\n  \u001b[36m/>\u001b[39m\n\n  Name \"2025-07-03\":\n  \u001b[36m<td\u001b[39m\n    \u001b[33mclass\u001b[39m=\u001b[32m\"p-4 align-middle [&:has([role=checkbox])]:pr-0\"\u001b[39m\n  \u001b[36m/>\u001b[39m\n\n  Name \"Payout\":\n  \u001b[36m<td\u001b[39m\n    \u001b[33mclass\u001b[39m=\u001b[32m\"p-4 align-middle [&:has([role=checkbox])]:pr-0\"\u001b[39m\n  \u001b[36m/>\u001b[39m\n\n  Name \"$120.00\":\n  \u001b[36m<td\u001b[39m\n    \u001b[33mclass\u001b[39m=\u001b[32m\"p-4 align-middle [&:has([role=checkbox])]:pr-0\"\u001b[39m\n  \u001b[36m/>\u001b[39m\n\n  Name \"pending\":\n  \u001b[36m<td\u001b[39m\n    \u001b[33mclass\u001b[39m=\u001b[32m\"p-4 align-middle [&:has([role=checkbox])]:pr-0\"\u001b[39m\n  \u001b[36m/>\u001b[39m\n\n  Name \"\":\n  \u001b[36m<td\u001b[39m\n    \u001b[33mclass\u001b[39m=\u001b[32m\"p-4 align-middle [&:has([role=checkbox])]:pr-0 text-right\"\u001b[39m\n  \u001b[36m/>\u001b[39m\n\n  Name \"2025-07-08\":\n  \u001b[36m<td\u001b[39m\n    \u001b[33mclass\u001b[39m=\u001b[32m\"p-4 align-middle [&:has([role=checkbox])]:pr-0\"\u001b[39m\n  \u001b[36m/>\u001b[39m\n\n  Name \"Subscription\":\n  \u001b[36m<td\u001b[39m\n    \u001b[33mclass\u001b[39m=\u001b[32m\"p-4 align-middle [&:has([role=checkbox])]:pr-0\"\u001b[39m\n  \u001b[36m/>\u001b[39m\n\n  Name \"$9.99\":\n  \u001b[36m<td\u001b[39m\n    \u001b[33mclass\u001b[39m=\u001b[32m\"p-4 align-middle [&:has([role=checkbox])]:pr-0\"\u001b[39m\n  \u001b[36m/>\u001b[39m\n\n  Name \"failed\":\n  \u001b[36m<td\u001b[39m\n    \u001b[33mclass\u001b[39m=\u001b[32m\"p-4 align-middle [&:has([role=checkbox])]:pr-0\"\u001b[39m\n  \u001b[36m/>\u001b[39m\n\n  Name \"\":\n  \u001b[36m<td\u001b[39m\n    \u001b[33mclass\u001b[39m=\u001b[32m\"p-4 align-middle [&:has([role=checkbox])]:pr-0 text-right\"\u001b[39m\n  \u001b[36m/>\u001b[39m\n\n  --------------------------------------------------\n  button:\n\n  Name \"Actions for 1\":\n  \u001b[36m<button\u001b[39m\n    \u001b[33maria-expanded\u001b[39m=\u001b[32m\"false\"\u001b[39m\n    \u001b[33maria-haspopup\u001b[39m=\u001b[32m\"menu\"\u001b[39m\n    \u001b[33maria-label\u001b[39m=\u001b[32m\"Actions for 1\"\u001b[39m\n    \u001b[33mclass\u001b[39m=\u001b[32m\"inline-flex items-center justify-center gap-2 whitespace-nowrap rounded-md text-sm font-medium ring-offset-background transition-colors focus-visible:outline-none focus-visible:ring-2 focus-visible:ring-ring focus-visible:ring-offset-2 disabled:pointer-events-none disabled:opacity-50 [&_svg]:pointer-events-none [&_svg]:size-4 [&_svg]:shrink-0 hover:bg-accent hover:text-accent-foreground h-10 w-10\"\u001b[39m\n    \u001b[33mdata-state\u001b[39m=\u001b[32m\"closed\"\u001b[39m\n    \u001b[33mid\u001b[39m=\u001b[32m\"radix-:rn:\"\u001b[39m\n    \u001b[33mtype\u001b[39m=\u001b[32m\"button\"\u001b[39m\n  \u001b[36m/>\u001b[39m\n\n  Name \"Actions for 2\":\n  \u001b[36m<button\u001b[39m\n    \u001b[33maria-expanded\u001b[39m=\u001b[32m\"false\"\u001b[39m\n    \u001b[33maria-haspopup\u001b[39m=\u001b[32m\"menu\"\u001b[39m\n    \u001b[33maria-label\u001b[39m=\u001b[32m\"Actions for 2\"\u001b[39m\n    \u001b[33mclass\u001b[39m=\u001b[32m\"inline-flex items-center justify-center gap-2 whitespace-nowrap rounded-md text-sm font-medium ring-offset-background transition-colors focus-visible:outline-none focus-visible:ring-2 focus-visible:ring-ring focus-visible:ring-offset-2 disabled:pointer-events-none disabled:opacity-50 [&_svg]:pointer-events-none [&_svg]:size-4 [&_svg]:shrink-0 hover:bg-accent hover:text-accent-foreground h-10 w-10\"\u001b[39m\n    \u001b[33mdata-state\u001b[39m=\u001b[32m\"closed\"\u001b[39m\n    \u001b[33mid\u001b[39m=\u001b[32m\"radix-:rp:\"\u001b[39m\n    \u001b[33mtype\u001b[39m=\u001b[32m\"button\"\u001b[39m\n  \u001b[36m/>\u001b[39m\n\n  Name \"Actions for 3\":\n  \u001b[36m<button\u001b[39m\n    \u001b[33maria-expanded\u001b[39m=\u001b[32m\"false\"\u001b[39m\n    \u001b[33maria-haspopup\u001b[39m=\u001b[32m\"menu\"\u001b[39m\n    \u001b[33maria-label\u001b[39m=\u001b[32m\"Actions for 3\"\u001b[39m\n    \u001b[33mclass\u001b[39m=\u001b[32m\"inline-flex items-center justify-center gap-2 whitespace-nowrap rounded-md text-sm font-medium ring-offset-background transition-colors focus-visible:outline-none focus-visible:ring-2 focus-visible:ring-ring focus-visible:ring-offset-2 disabled:pointer-events-none disabled:opacity-50 [&_svg]:pointer-events-none [&_svg]:size-4 [&_svg]:shrink-0 hover:bg-accent hover:text-accent-foreground h-10 w-10\"\u001b[39m\n    \u001b[33mdata-state\u001b[39m=\u001b[32m\"closed\"\u001b[39m\n    \u001b[33mid\u001b[39m=\u001b[32m\"radix-:rr:\"\u001b[39m\n    \u001b[33mtype\u001b[39m=\u001b[32m\"button\"\u001b[39m\n  \u001b[36m/>\u001b[39m\n\n  --------------------------------------------------\n  navigation:\n\n  Name \"pagination\":\n  \u001b[36m<nav\u001b[39m\n    \u001b[33maria-label\u001b[39m=\u001b[32m\"pagination\"\u001b[39m\n    \u001b[33mclass\u001b[39m=\u001b[32m\"mx-auto flex w-full justify-center\"\u001b[39m\n    \u001b[33mrole\u001b[39m=\u001b[32m\"navigation\"\u001b[39m\n  \u001b[36m/>\u001b[39m\n\n  --------------------------------------------------\n  list:\n\n  Name \"\":\n  \u001b[36m<ul\u001b[39m\n    \u001b[33mclass\u001b[39m=\u001b[32m\"flex flex-row items-center gap-1\"\u001b[39m\n  \u001b[36m/>\u001b[39m\n\n  --------------------------------------------------\n  listitem:\n\n  Name \"\":\n  \u001b[36m<li\u001b[39m\n    \u001b[33mclass\u001b[39m=\u001b[32m\"\"\u001b[39m\n  \u001b[36m/>\u001b[39m\n\n  Name \"\":\n  \u001b[36m<li\u001b[39m\n    \u001b[33mclass\u001b[39m=\u001b[32m\"\"\u001b[39m\n  \u001b[36m/>\u001b[39m\n\n  Name \"\":\n  \u001b[36m<li\u001b[39m\n    \u001b[33mclass\u001b[39m=\u001b[32m\"\"\u001b[39m\n  \u001b[36m/>\u001b[39m\n\n  Name \"\":\n  \u001b[36m<li\u001b[39m\n    \u001b[33mclass\u001b[39m=\u001b[32m\"\"\u001b[39m\n  \u001b[36m/>\u001b[39m\n\n  --------------------------------------------------\n  link:\n\n  Name \"Go to previous page\":\n  \u001b[36m<a\u001b[39m\n    \u001b[33maria-label\u001b[39m=\u001b[32m\"Go to previous page\"\u001b[39m\n    \u001b[33mclass\u001b[39m=\u001b[32m\"inline-flex items-center justify-center whitespace-nowrap rounded-md text-sm font-medium ring-offset-background transition-colors focus-visible:outline-none focus-visible:ring-2 focus-visible:ring-ring focus-visible:ring-offset-2 disabled:pointer-events-none disabled:opacity-50 [&_svg]:pointer-events-none [&_svg]:size-4 [&_svg]:shrink-0 hover:bg-accent hover:text-accent-foreground h-10 px-4 py-2 gap-1 pl-2.5\"\u001b[39m\n    \u001b[33mhref\u001b[39m=\u001b[32m\"#\"\u001b[39m\n  \u001b[36m/>\u001b[39m\n\n  Name \"1\":\n  \u001b[36m<a\u001b[39m\n    \u001b[33maria-current\u001b[39m=\u001b[32m\"page\"\u001b[39m\n    \u001b[33mclass\u001b[39m=\u001b[32m\"inline-flex items-center justify-center gap-2 whitespace-nowrap rounded-md text-sm font-medium ring-offset-background transition-colors focus-visible:outline-none focus-visible:ring-2 focus-visible:ring-ring focus-visible:ring-offset-2 disabled:pointer-events-none disabled:opacity-50 [&_svg]:pointer-events-none [&_svg]:size-4 [&_svg]:shrink-0 border border-input bg-background hover:bg-accent hover:text-accent-foreground h-10 w-10\"\u001b[39m\n    \u001b[33mhref\u001b[39m=\u001b[32m\"#\"\u001b[39m\n  \u001b[36m/>\u001b[39m\n\n  Name \"2\":\n  \u001b[36m<a\u001b[39m\n    \u001b[33mclass\u001b[39m=\u001b[32m\"inline-flex items-center justify-center gap-2 whitespace-nowrap rounded-md text-sm font-medium ring-offset-background transition-colors focus-visible:outline-none focus-visible:ring-2 focus-visible:ring-ring focus-visible:ring-offset-2 disabled:pointer-events-none disabled:opacity-50 [&_svg]:pointer-events-none [&_svg]:size-4 [&_svg]:shrink-0 hover:bg-accent hover:text-accent-foreground h-10 w-10\"\u001b[39m\n    \u001b[33mhref\u001b[39m=\u001b[32m\"#\"\u001b[39m\n  \u001b[36m/>\u001b[39m\n\n  Name \"Go to next page\":\n  \u001b[36m<a\u001b[39m\n    \u001b[33maria-label\u001b[39m=\u001b[32m\"Go to next page\"\u001b[39m\n    \u001b[33mclass\u001b[39m=\u001b[32m\"inline-flex items-center justify-center whitespace-nowrap rounded-md text-sm font-medium ring-offset-background transition-colors focus-visible:outline-none focus-visible:ring-2 focus-visible:ring-ring focus-visible:ring-offset-2 disabled:pointer-events-none disabled:opacity-50 [&_svg]:pointer-events-none [&_svg]:size-4 [&_svg]:shrink-0 hover:bg-accent hover:text-accent-foreground h-10 px-4 py-2 gap-1 pr-2.5\"\u001b[39m\n    \u001b[33mhref\u001b[39m=\u001b[32m\"#\"\u001b[39m\n  \u001b[36m/>\u001b[39m\n\n  --------------------------------------------------\n\nIgnored nodes: comments, script, style\n\u001b[36m<body>\u001b[39m\n  \u001b[36m<div>\u001b[39m\n    \u001b[36m<section>\u001b[39m\n      \u001b[36m<header\u001b[39m\n        \u001b[33mclass\u001b[39m=\u001b[32m\"mb-2\"\u001b[39m\n      \u001b[36m>\u001b[39m\n        \u001b[36m<h1\u001b[39m\n          \u001b[33mclass\u001b[39m=\u001b[32m\"text-base font-semibold leading-tight\"\u001b[39m\n        \u001b[36m>\u001b[39m\n          \u001b[0mPayments\u001b[0m\n        \u001b[36m</h1>\u001b[39m\n        \u001b[36m<p\u001b[39m\n          \u001b[33mclass\u001b[39m=\u001b[32m\"text-sm text-muted-foreground\"\u001b[39m\n        \u001b[36m>\u001b[39m\n          \u001b[0mHistory of your recent payments.\u001b[0m\n        \u001b[36m</p>\u001b[39m\n      \u001b[36m</header>\u001b[39m\n      \u001b[36m<div\u001b[39m\n        \u001b[33mclass\u001b[39m=\u001b[32m\"rounded-lg border bg-card text-card-foreground shadow-sm\"\u001b[39m\n      \u001b[36m>\u001b[39m\n        \u001b[36m<div\u001b[39m\n          \u001b[33mclass\u001b[39m=\u001b[32m\"flex flex-col space-y-1.5 p-6\"\u001b[39m\n        \u001b[36m>\u001b[39m\n          \u001b[36m<div\u001b[39m\n            \u001b[33mclass\u001b[39m=\u001b[32m\"flex items-start justify-between gap-3 flex-wrap\"\u001b[39m\n          \u001b[36m>\u001b[39m\n            \u001b[36m<div>\u001b[39m\n              \u001b[36m<h3\u001b[39m\n                \u001b[33mclass\u001b[39m=\u001b[32m\"text-2xl font-semibold leading-none tracking-tight\"\u001b[39m\n              \u001b[36m>\u001b[39m\n                \u001b[0mTransactions\u001b[0m\n              \u001b[36m</h3>\u001b[39m\n              \u001b[36m<p\u001b[39m\n                \u001b[33mclass\u001b[39m=\u001b[32m\"text-sm text-muted-foreground\"\u001b[39m\n              \u001b[36m>\u001b[39m\n                \u001b[0mDemo data with client-side search and filters.\u001b[0m\n              \u001b[36m</p>\u001b[39m\n            \u001b[36m</div>\u001b[39m\n            \u001b[36m<div\u001b[39m\n              \u001b[33mclass\u001b[39m=\u001b[32m\"flex items-center gap-2 w-full sm:w-auto\"\u001b[39m\n            \u001b[36m>\u001b[39m\n              \u001b[36m<input\u001b[39m\n                \u001b[33mclass\u001b[39m=\u001b[32m\"flex h-10 rounded-md border border-input bg-background px-3 py-2 text-base ring-offset-background file:border-0 file:bg-transparent file:text-sm file:font-medium file:text-foreground placeholder:text-muted-foreground focus-visible:outline-none focus-visible:ring-2 focus-visible:ring-ring focus-visible:ring-offset-2 disabled:cursor-not-allowed disabled:opacity-50 md:text-sm w-full sm:w-56\"\u001b[39m\n                \u001b[33mplaceholder\u001b[39m=\u001b[32m\"Search payments...\"\u001b[39m\n                \u001b[33mvalue\u001b[39m=\u001b[32m\"\"\u001b[39m\n              \u001b[36m/>\u001b[39m\n              \u001b[36m<button\u001b[39m\n                \u001b[33maria-autocomplete\u001b[39m=\u001b[32m\"none\"\u001b[39m\n                \u001b[33maria-controls\u001b[39m=\u001b[32m\"radix-:rm:\"\u001b[39m\n                \u001b[33maria-expanded\u001b[39m=\u001b[32m\"false\"\u001b[39m\n                \u001b[33mclass\u001b[39m=\u001b[32m\"flex h-10 items-center justify-between rounded-md border border-input bg-background px-3 py-2 text-sm ring-offset-background placeholder:text-muted-foreground focus:outline-none focus:ring-2 focus:ring-ring focus:ring-offset-2 disabled:cursor-not-allowed disabled:opacity-50 [&>span]:line-clamp-1 w-[140px]\"\u001b[39m\n                \u001b[33mdata-state\u001b[39m=\u001b[32m\"closed\"\u001b[39m\n                \u001b[33mdir\u001b[39m=\u001b[32m\"ltr\"\u001b[39m\n                \u001b[33mrole\u001b[39m=\u001b[32m\"combobox\"\u001b[39m\n                \u001b[33mtype\u001b[39m=\u001b[32m\"button\"\u001b[39m\n              \u001b[36m>\u001b[39m\n                \u001b[36m<span\u001b[39m\n                  \u001b[33mstyle\u001b[39m=\u001b[32m\"pointer-events: none;\"\u001b[39m\n                \u001b[36m>\u001b[39m\n                  \u001b[0mAll\u001b[0m\n                \u001b[36m</span>\u001b[39m\n                \u001b[36m<svg\u001b[39m\n                  \u001b[33maria-hidden\u001b[39m=\u001b[32m\"true\"\u001b[39m\n                  \u001b[33mclass\u001b[39m=\u001b[32m\"lucide lucide-chevron-down h-4 w-4 opacity-50\"\u001b[39m\n                  \u001b[33mfill\u001b[39m=\u001b[32m\"none\"\u001b[39m\n                  \u001b[33mheight\u001b[39m=\u001b[32m\"24\"\u001b[39m\n                  \u001b[33mstroke\u001b[39m=\u001b[32m\"currentColor\"\u001b[39m\n                  \u001b[33mstroke-linecap\u001b[39m=\u001b[32m\"round\"\u001b[39m\n                  \u001b[33mstroke-linejoin\u001b[39m=\u001b[32m\"round\"\u001b[39m\n                  \u001b[33mstroke-width\u001b[39m=\u001b[32m\"2\"\u001b[39m\n                  \u001b[33mviewBox\u001b[39m=\u001b[32m\"0 0 24 24\"\u001b[39m\n                  \u001b[33mwidth\u001b[39m=\u001b[32m\"24\"\u001b[39m\n                  \u001b[33mxmlns\u001b[39m=\u001b[32m\"http://www.w3.org/2000/svg\"\u001b[39m\n                \u001b[36m>\u001b[39m\n                  \u001b[36m<path\u001b[39m\n                    \u001b[33md\u001b[39m=\u001b[32m\"m6 9 6 6 6-6\"\u001b[39m\n                  \u001b[36m/>\u001b[39m\n                \u001b[36m</svg>\u001b[39m\n              \u001b[36m</button>\u001b[39m\n            \u001b[36m</div>\u001b[39m\n          \u001b[36m</div>\u001b[39m\n        \u001b[36m</div>\u001b[39m\n        \u001b[36m<div\u001b[39m\n          \u001b[33mclass\u001b[39m=\u001b[32m\"p-6 pt-0\"\u001b[39m\n        \u001b[36m>\u001b[39m\n          \u001b[36m<div\u001b[39m\n            \u001b[33mclass\u001b[39m=\u001b[32m\"w-full overflow-x-auto\"\u001b[39m\n          \u001b[36m>\u001b[39m\n            \u001b[36m<div\u001b[39m\n              \u001b[33mclass\u001b[39m=\u001b[32m\"relative w-full overflow-auto\"\u001b[39m\n            \u001b[36m>\u001b[39m\n              \u001b[36m<table\u001b[39m\n                \u001b[33mclass\u001b[39m=\u001b[32m\"w-full caption-bottom text-sm\"\u001b[39m\n              \u001b[36m>\u001b[39m\n                \u001b[36m<caption\u001b[39m\n                  \u001b[33mclass\u001b[39m=\u001b[32m\"mt-4 text-sm text-muted-foreground\"\u001b[39m\n                \u001b[36m>\u001b[39m\n                  \u001b[0mRecent activity\u001b[0m\n                \u001b[36m</caption>\u001b[39m\n                \u001b[36m<thead\u001b[39m\n                  \u001b[33mclass\u001b[39m=\u001b[32m\"[&_tr]:border-b\"\u001b[39m\n                \u001b[36m>\u001b[39m\n                  \u001b[36m<tr\u001b[39m\n                    \u001b[33mclass\u001b[39m=\u001b[32m\"border-b transition-colors hover:bg-muted/50 data-[state=selected]:bg-muted\"\u001b[39m\n                  \u001b[36m>\u001b[39m\n                    \u001b[36m<th\u001b[39m\n                      \u001b[33mclass\u001b[39m=\u001b[32m\"h-12 px-4 text-left align-middle font-medium text-muted-foreground [&:has([role=checkbox])]:pr-0\"\u001b[39m\n                    \u001b[36m>\u001b[39m\n                      \u001b[0mDate\u001b[0m\n                    \u001b[36m</th>\u001b[39m\n                    \u001b[36m<th\u001b[39m\n                      \u001b[33mclass\u001b[39m=\u001b[32m\"h-12 px-4 text-left align-middle font-medium text-muted-foreground [&:has([role=checkbox])]:pr-0\"\u001b[39m\n                    \u001b[36m>\u001b[39m\n                      \u001b[0mType\u001b[0m\n                    \u001b[36m</th>\u001b[39m\n                    \u001b[36m<th\u001b[39m\n                      \u001b[33mclass\u001b[39m=\u001b[32m\"h-12 px-4 text-left align-middle font-medium text-muted-foreground [&:has([role=checkbox])]:pr-0\"\u001b[39m\n                    \u001b[36m>\u001b[39m\n                      \u001b[0mAmount\u001b[0m\n                    \u001b[36m</th>\u001b[39m\n                    \u001b[36m<th\u001b[39m\n                      \u001b[33mclass\u001b[39m=\u001b[32m\"h-12 px-4 text-left align-middle font-medium text-muted-foreground [&:has([role=checkbox])]:pr-0\"\u001b[39m\n                    \u001b[36m>\u001b[39m\n                      \u001b[0mStatus\u001b[0m\n                    \u001b[36m</th>\u001b[39m\n                    \u001b[36m<th\u001b[39m\n                      \u001b[33mclass\u001b[39m=\u001b[32m\"h-12 px-4 align-middle font-medium text-muted-foreground [&:has([role=checkbox])]:pr-0 text-right\"\u001b[39m\n                    \u001b[36m>\u001b[39m\n                      \u001b[0mActions\u001b[0m\n                    \u001b[36m</th>\u001b[39m\n                  \u001b[36m</tr>\u001b[39m\n                \u001b[36m</thead>\u001b[39m\n                \u001b[36m<tbody\u001b[39m\n                  \u001b[33mclass\u001b[39m=\u001b[32m\"[&_tr:last-child]:border-0\"\u001b[39m\n                \u001b[36m>\u001b[39m\n                  \u001b[36m<tr\u001b[39m\n                    \u001b[33mclass\u001b[39m=\u001b[32m\"border-b transition-colors hover:bg-muted/50 data-[state=selected]:bg-muted\"\u001b[39m\n                  \u001b[36m>\u001b[39m\n                    \u001b[36m<td\u001b[39m\n                      \u001b[33mclass\u001b[39m=\u001b[...\n    at Object.getElementError (/home/sekmet/DEVELOPMENT/STREAM-NFT/corefans-app/node_modules/@testing-library/dom/dist/config.js:37:19)\n    at /home/sekmet/DEVELOPMENT/STREAM-NFT/corefans-app/node_modules/@testing-library/dom/dist/query-helpers.js:76:38\n    at /home/sekmet/DEVELOPMENT/STREAM-NFT/corefans-app/node_modules/@testing-library/dom/dist/query-helpers.js:52:17\n    at /home/sekmet/DEVELOPMENT/STREAM-NFT/corefans-app/node_modules/@testing-library/dom/dist/query-helpers.js:95:19\n    at Object.<anonymous> (/home/sekmet/DEVELOPMENT/STREAM-NFT/corefans-app/src/__tests__/settings/PaymentsPage.test.tsx:41:26)\n    at Promise.then.completed (/home/sekmet/DEVELOPMENT/STREAM-NFT/corefans-app/node_modules/jest-circus/build/utils.js:298:28)\n    at new Promise (<anonymous>)\n    at callAsyncCircusFn (/home/sekmet/DEVELOPMENT/STREAM-NFT/corefans-app/node_modules/jest-circus/build/utils.js:231:10)\n    at _callCircusTest (/home/sekmet/DEVELOPMENT/STREAM-NFT/corefans-app/node_modules/jest-circus/build/run.js:316:40)\n    at async _runTest (/home/sekmet/DEVELOPMENT/STREAM-NFT/corefans-app/node_modules/jest-circus/build/run.js:252:3)\n    at async _runTestsForDescribeBlock (/home/sekmet/DEVELOPMENT/STREAM-NFT/corefans-app/node_modules/jest-circus/build/run.js:126:9)\n    at async run (/home/sekmet/DEVELOPMENT/STREAM-NFT/corefans-app/node_modules/jest-circus/build/run.js:71:3)\n    at async runAndTransformResultsToJestFormat (/home/sekmet/DEVELOPMENT/STREAM-NFT/corefans-app/node_modules/jest-circus/build/legacy-code-todo-rewrite/jestAdapterInit.js:122:21)\n    at async jestAdapter (/home/sekmet/DEVELOPMENT/STREAM-NFT/corefans-app/node_modules/jest-circus/build/legacy-code-todo-rewrite/jestAdapter.js:79:19)\n    at async runTestInternal (/home/sekmet/DEVELOPMENT/STREAM-NFT/corefans-app/node_modules/jest-runner/build/runTest.js:367:16)\n    at async runTest (/home/sekmet/DEVELOPMENT/STREAM-NFT/corefans-app/node_modules/jest-runner/build/runTest.js:444:34)"],"fullName":"status select filters to pending only","invocations":1,"location":null,"numPassingAsserts":0,"retryReasons":[],"status":"failed","title":"status select filters to pending only"},{"ancestorTitles":[],"duration":143,"failureDetails":[],"failureMessages":[],"fullName":"actions dropdown opens and shows items","invocations":1,"location":null,"numPassingAsserts":3,"retryReasons":[],"status":"passed","title":"actions dropdown opens and shows items"}],"endTime":1755175060773,"message":"\u001b[1m\u001b[31m  \u001b[1m● \u001b[22m\u001b[1mstatus select filters to pending only\u001b[39m\u001b[22m\n\n    TestingLibraryElementError: Unable to find an accessible element with the role \"combobox\" and name `/all/i`\n\n    Here are the accessible roles:\n\n      banner:\n\n      Name \"\":\n      \u001b[36m<header\u001b[39m\n        \u001b[33mclass\u001b[39m=\u001b[32m\"mb-2\"\u001b[39m\n      \u001b[36m/>\u001b[39m\n\n      --------------------------------------------------\n      heading:\n\n      Name \"Payments\":\n      \u001b[36m<h1\u001b[39m\n        \u001b[33mclass\u001b[39m=\u001b[32m\"text-base font-semibold leading-tight\"\u001b[39m\n      \u001b[36m/>\u001b[39m\n\n      Name \"Transactions\":\n      \u001b[36m<h3\u001b[39m\n        \u001b[33mclass\u001b[39m=\u001b[32m\"text-2xl font-semibold leading-none tracking-tight\"\u001b[39m\n      \u001b[36m/>\u001b[39m\n\n      --------------------------------------------------\n      paragraph:\n\n      Name \"\":\n      \u001b[36m<p\u001b[39m\n        \u001b[33mclass\u001b[39m=\u001b[32m\"text-sm text-muted-foreground\"\u001b[39m\n      \u001b[36m/>\u001b[39m\n\n      Name \"\":\n      \u001b[36m<p\u001b[39m\n        \u001b[33mclass\u001b[39m=\u001b[32m\"text-sm text-muted-foreground\"\u001b[39m\n      \u001b[36m/>\u001b[39m\n\n      --------------------------------------------------\n      textbox:\n\n      Name \"\":\n      \u001b[36m<input\u001b[39m\n        \u001b[33mclass\u001b[39m=\u001b[32m\"flex h-10 rounded-md border border-input bg-background px-3 py-2 text-base ring-offset-background file:border-0 file:bg-transparent file:text-sm file:font-medium file:text-foreground placeholder:text-muted-foreground focus-visible:outline-none focus-visible:ring-2 focus-visible:ring-ring focus-visible:ring-offset-2 disabled:cursor-not-allowed disabled:opacity-50 md:text-sm w-full sm:w-56\"\u001b[39m\n        \u001b[33mplaceholder\u001b[39m=\u001b[32m\"Search payments...\"\u001b[39m\n        \u001b[33mvalue\u001b[39m=\u001b[32m\"\"\u001b[39m\n      \u001b[36m/>\u001b[39m\n\n      --------------------------------------------------\n      combobox:\n\n      Name \"\":\n      \u001b[36m<button\u001b[39m\n        \u001b[33maria-autocomplete\u001b[39m=\u001b[32m\"none\"\u001b[39m\n        \u001b[33maria-controls\u001b[39m=\u001b[32m\"radix-:rm:\"\u001b[39m\n        \u001b[33maria-expanded\u001b[39m=\u001b[32m\"false\"\u001b[39m\n        \u001b[33mclass\u001b[39m=\u001b[32m\"flex h-10 items-center justify-between rounded-md border border-input bg-background px-3 py-2 text-sm ring-offset-background placeholder:text-muted-foreground focus:outline-none focus:ring-2 focus:ring-ring focus:ring-offset-2 disabled:cursor-not-allowed disabled:opacity-50 [&>span]:line-clamp-1 w-[140px]\"\u001b[39m\n        \u001b[33mdata-state\u001b[39m=\u001b[32m\"closed\"\u001b[39m\n        \u001b[33mdir\u001b[39m=\u001b[32m\"ltr\"\u001b[39m\n        \u001b[33mrole\u001b[39m=\u001b[32m\"combobox\"\u001b[39m\n        \u001b[33mtype\u001b[39m=\u001b[32m\"button\"\u001b[39m\n      \u001b[36m/>\u001b[39m\n\n      --------------------------------------------------\n      table:\n\n      Name \"Recent activity\":\n      \u001b[36m<table\u001b[39m\n        \u001b[33mclass\u001b[39m=\u001b[32m\"w-full caption-bottom text-sm\"\u001b[39m\n      \u001b[36m/>\u001b[39m\n\n      --------------------------------------------------\n      caption:\n\n      Name \"Recent activity\":\n      \u001b[36m<caption\u001b[39m\n        \u001b[33mclass\u001b[39m=\u001b[32m\"mt-4 text-sm text-muted-foreground\"\u001b[39m\n      \u001b[36m/>\u001b[39m\n\n      --------------------------------------------------\n      rowgroup:\n\n      Name \"\":\n      \u001b[36m<thead\u001b[39m\n        \u001b[33mclass\u001b[39m=\u001b[32m\"[&_tr]:border-b\"\u001b[39m\n      \u001b[36m/>\u001b[39m\n\n      Name \"\":\n      \u001b[36m<tbody\u001b[39m\n        \u001b[33mclass\u001b[39m=\u001b[32m\"[&_tr:last-child]:border-0\"\u001b[39m\n      \u001b[36m/>\u001b[39m\n\n      --------------------------------------------------\n      row:\n\n      Name \"Date Type Amount Status Actions\":\n      \u001b[36m<tr\u001b[39m\n        \u001b[33mclass\u001b[39m=\u001b[32m\"border-b transition-colors hover:bg-muted/50 data-[state=selected]:bg-muted\"\u001b[39m\n      \u001b[36m/>\u001b[39m\n\n      Name \"2025-07-01 Tip $24.50 completed\":\n      \u001b[36m<tr\u001b[39m\n        \u001b[33mclass\u001b[39m=\u001b[32m\"border-b transition-colors hover:bg-muted/50 data-[state=selected]:bg-muted\"\u001b[39m\n      \u001b[36m/>\u001b[39m\n\n      Name \"2025-07-03 Payout $120.00 pending\":\n      \u001b[36m<tr\u001b[39m\n        \u001b[33mclass\u001b[39m=\u001b[32m\"border-b transition-colors hover:bg-muted/50 data-[state=selected]:bg-muted\"\u001b[39m\n      \u001b[36m/>\u001b[39m\n\n      Name \"2025-07-08 Subscription $9.99 failed\":\n      \u001b[36m<tr\u001b[39m\n        \u001b[33mclass\u001b[39m=\u001b[32m\"border-b transition-colors hover:bg-muted/50 data-[state=selected]:bg-muted\"\u001b[39m\n      \u001b[36m/>\u001b[39m\n\n      --------------------------------------------------\n      columnheader:\n\n      Name \"Date\":\n      \u001b[36m<th\u001b[39m\n        \u001b[33mclass\u001b[39m=\u001b[32m\"h-12 px-4 text-left align-middle font-medium text-muted-foreground [&:has([role=checkbox])]:pr-0\"\u001b[39m\n      \u001b[36m/>\u001b[39m\n\n      Name \"Type\":\n      \u001b[36m<th\u001b[39m\n        \u001b[33mclass\u001b[39m=\u001b[32m\"h-12 px-4 text-left align-middle font-medium text-muted-foreground [&:has([role=checkbox])]:pr-0\"\u001b[39m\n      \u001b[36m/>\u001b[39m\n\n      Name \"Amount\":\n      \u001b[36m<th\u001b[39m\n        \u001b[33mclass\u001b[39m=\u001b[32m\"h-12 px-4 text-left align-middle font-medium text-muted-foreground [&:has([role=checkbox])]:pr-0\"\u001b[39m\n      \u001b[36m/>\u001b[39m\n\n      Name \"Status\":\n      \u001b[36m<th\u001b[39m\n        \u001b[33mclass\u001b[39m=\u001b[32m\"h-12 px-4 text-left align-middle font-medium text-muted-foreground [&:has([role=checkbox])]:pr-0\"\u001b[39m\n      \u001b[36m/>\u001b[39m\n\n      Name \"Actions\":\n      \u001b[36m<th\u001b[39m\n        \u001b[33mclass\u001b[39m=\u001b[32m\"h-12 px-4 align-middle font-medium text-muted-foreground [&:has([role=checkbox])]:pr-0 text-right\"\u001b[39m\n      \u001b[36m/>\u001b[39m\n\n      --------------------------------------------------\n      cell:\n\n      Name \"2025-07-01\":\n      \u001b[36m<td\u001b[39m\n        \u001b[33mclass\u001b[39m=\u001b[32m\"p-4 align-middle [&:has([role=checkbox])]:pr-0\"\u001b[39m\n      \u001b[36m/>\u001b[39m\n\n      Name \"Tip\":\n      \u001b[36m<td\u001b[39m\n        \u001b[33mclass\u001b[39m=\u001b[32m\"p-4 align-middle [&:has([role=checkbox])]:pr-0\"\u001b[39m\n      \u001b[36m/>\u001b[39m\n\n      Name \"$24.50\":\n      \u001b[36m<td\u001b[39m\n        \u001b[33mclass\u001b[39m=\u001b[32m\"p-4 align-middle [&:has([role=checkbox])]:pr-0\"\u001b[39m\n      \u001b[36m/>\u001b[39m\n\n      Name \"completed\":\n      \u001b[36m<td\u001b[39m\n        \u001b[33mclass\u001b[39m=\u001b[32m\"p-4 align-middle [&:has([role=checkbox])]:pr-0\"\u001b[39m\n      \u001b[36m/>\u001b[39m\n\n      Name \"\":\n      \u001b[36m<td\u001b[39m\n        \u001b[33mclass\u001b[39m=\u001b[32m\"p-4 align-middle [&:has([role=checkbox])]:pr-0 text-right\"\u001b[39m\n      \u001b[36m/>\u001b[39m\n\n      Name \"2025-07-03\":\n      \u001b[36m<td\u001b[39m\n        \u001b[33mclass\u001b[39m=\u001b[32m\"p-4 align-middle [&:has([role=checkbox])]:pr-0\"\u001b[39m\n      \u001b[36m/>\u001b[39m\n\n      Name \"Payout\":\n      \u001b[36m<td\u001b[39m\n        \u001b[33mclass\u001b[39m=\u001b[32m\"p-4 align-middle [&:has([role=checkbox])]:pr-0\"\u001b[39m\n      \u001b[36m/>\u001b[39m\n\n      Name \"$120.00\":\n      \u001b[36m<td\u001b[39m\n        \u001b[33mclass\u001b[39m=\u001b[32m\"p-4 align-middle [&:has([role=checkbox])]:pr-0\"\u001b[39m\n      \u001b[36m/>\u001b[39m\n\n      Name \"pending\":\n      \u001b[36m<td\u001b[39m\n        \u001b[33mclass\u001b[39m=\u001b[32m\"p-4 align-middle [&:has([role=checkbox])]:pr-0\"\u001b[39m\n      \u001b[36m/>\u001b[39m\n\n      Name \"\":\n      \u001b[36m<td\u001b[39m\n        \u001b[33mclass\u001b[39m=\u001b[32m\"p-4 align-middle [&:has([role=checkbox])]:pr-0 text-right\"\u001b[39m\n      \u001b[36m/>\u001b[39m\n\n      Name \"2025-07-08\":\n      \u001b[36m<td\u001b[39m\n        \u001b[33mclass\u001b[39m=\u001b[32m\"p-4 align-middle [&:has([role=checkbox])]:pr-0\"\u001b[39m\n      \u001b[36m/>\u001b[39m\n\n      Name \"Subscription\":\n      \u001b[36m<td\u001b[39m\n        \u001b[33mclass\u001b[39m=\u001b[32m\"p-4 align-middle [&:has([role=checkbox])]:pr-0\"\u001b[39m\n      \u001b[36m/>\u001b[39m\n\n      Name \"$9.99\":\n      \u001b[36m<td\u001b[39m\n        \u001b[33mclass\u001b[39m=\u001b[32m\"p-4 align-middle [&:has([role=checkbox])]:pr-0\"\u001b[39m\n      \u001b[36m/>\u001b[39m\n\n      Name \"failed\":\n      \u001b[36m<td\u001b[39m\n        \u001b[33mclass\u001b[39m=\u001b[32m\"p-4 align-middle [&:has([role=checkbox])]:pr-0\"\u001b[39m\n      \u001b[36m/>\u001b[39m\n\n      Name \"\":\n      \u001b[36m<td\u001b[39m\n        \u001b[33mclass\u001b[39m=\u001b[32m\"p-4 align-middle [&:has([role=checkbox])]:pr-0 text-right\"\u001b[39m\n      \u001b[36m/>\u001b[39m\n\n      --------------------------------------------------\n      button:\n\n      Name \"Actions for 1\":\n      \u001b[36m<button\u001b[39m\n        \u001b[33maria-expanded\u001b[39m=\u001b[32m\"false\"\u001b[39m\n        \u001b[33maria-haspopup\u001b[39m=\u001b[32m\"menu\"\u001b[39m\n        \u001b[33maria-label\u001b[39m=\u001b[32m\"Actions for 1\"\u001b[39m\n        \u001b[33mclass\u001b[39m=\u001b[32m\"inline-flex items-center justify-center gap-2 whitespace-nowrap rounded-md text-sm font-medium ring-offset-background transition-colors focus-visible:outline-none focus-visible:ring-2 focus-visible:ring-ring focus-visible:ring-offset-2 disabled:pointer-events-none disabled:opacity-50 [&_svg]:pointer-events-none [&_svg]:size-4 [&_svg]:shrink-0 hover:bg-accent hover:text-accent-foreground h-10 w-10\"\u001b[39m\n        \u001b[33mdata-state\u001b[39m=\u001b[32m\"closed\"\u001b[39m\n        \u001b[33mid\u001b[39m=\u001b[32m\"radix-:rn:\"\u001b[39m\n        \u001b[33mtype\u001b[39m=\u001b[32m\"button\"\u001b[39m\n      \u001b[36m/>\u001b[39m\n\n      Name \"Actions for 2\":\n      \u001b[36m<button\u001b[39m\n        \u001b[33maria-expanded\u001b[39m=\u001b[32m\"false\"\u001b[39m\n        \u001b[33maria-haspopup\u001b[39m=\u001b[32m\"menu\"\u001b[39m\n        \u001b[33maria-label\u001b[39m=\u001b[32m\"Actions for 2\"\u001b[39m\n        \u001b[33mclass\u001b[39m=\u001b[32m\"inline-flex items-center justify-center gap-2 whitespace-nowrap rounded-md text-sm font-medium ring-offset-background transition-colors focus-visible:outline-none focus-visible:ring-2 focus-visible:ring-ring focus-visible:ring-offset-2 disabled:pointer-events-none disabled:opacity-50 [&_svg]:pointer-events-none [&_svg]:size-4 [&_svg]:shrink-0 hover:bg-accent hover:text-accent-foreground h-10 w-10\"\u001b[39m\n        \u001b[33mdata-state\u001b[39m=\u001b[32m\"closed\"\u001b[39m\n        \u001b[33mid\u001b[39m=\u001b[32m\"radix-:rp:\"\u001b[39m\n        \u001b[33mtype\u001b[39m=\u001b[32m\"button\"\u001b[39m\n      \u001b[36m/>\u001b[39m\n\n      Name \"Actions for 3\":\n      \u001b[36m<button\u001b[39m\n        \u001b[33maria-expanded\u001b[39m=\u001b[32m\"false\"\u001b[39m\n        \u001b[33maria-haspopup\u001b[39m=\u001b[32m\"menu\"\u001b[39m\n        \u001b[33maria-label\u001b[39m=\u001b[32m\"Actions for 3\"\u001b[39m\n        \u001b[33mclass\u001b[39m=\u001b[32m\"inline-flex items-center justify-center gap-2 whitespace-nowrap rounded-md text-sm font-medium ring-offset-background transition-colors focus-visible:outline-none focus-visible:ring-2 focus-visible:ring-ring focus-visible:ring-offset-2 disabled:pointer-events-none disabled:opacity-50 [&_svg]:pointer-events-none [&_svg]:size-4 [&_svg]:shrink-0 hover:bg-accent hover:text-accent-foreground h-10 w-10\"\u001b[39m\n        \u001b[33mdata-state\u001b[39m=\u001b[32m\"closed\"\u001b[39m\n        \u001b[33mid\u001b[39m=\u001b[32m\"radix-:rr:\"\u001b[39m\n        \u001b[33mtype\u001b[39m=\u001b[32m\"button\"\u001b[39m\n      \u001b[36m/>\u001b[39m\n\n      --------------------------------------------------\n      navigation:\n\n      Name \"pagination\":\n      \u001b[36m<nav\u001b[39m\n        \u001b[33maria-label\u001b[39m=\u001b[32m\"pagination\"\u001b[39m\n        \u001b[33mclass\u001b[39m=\u001b[32m\"mx-auto flex w-full justify-center\"\u001b[39m\n        \u001b[33mrole\u001b[39m=\u001b[32m\"navigation\"\u001b[39m\n      \u001b[36m/>\u001b[39m\n\n      --------------------------------------------------\n      list:\n\n      Name \"\":\n      \u001b[36m<ul\u001b[39m\n        \u001b[33mclass\u001b[39m=\u001b[32m\"flex flex-row items-center gap-1\"\u001b[39m\n      \u001b[36m/>\u001b[39m\n\n      --------------------------------------------------\n      listitem:\n\n      Name \"\":\n      \u001b[36m<li\u001b[39m\n        \u001b[33mclass\u001b[39m=\u001b[32m\"\"\u001b[39m\n      \u001b[36m/>\u001b[39m\n\n      Name \"\":\n      \u001b[36m<li\u001b[39m\n        \u001b[33mclass\u001b[39m=\u001b[32m\"\"\u001b[39m\n      \u001b[36m/>\u001b[39m\n\n      Name \"\":\n      \u001b[36m<li\u001b[39m\n        \u001b[33mclass\u001b[39m=\u001b[32m\"\"\u001b[39m\n      \u001b[36m/>\u001b[39m\n\n      Name \"\":\n      \u001b[36m<li\u001b[39m\n        \u001b[33mclass\u001b[39m=\u001b[32m\"\"\u001b[39m\n      \u001b[36m/>\u001b[39m\n\n      --------------------------------------------------\n      link:\n\n      Name \"Go to previous page\":\n      \u001b[36m<a\u001b[39m\n        \u001b[33maria-label\u001b[39m=\u001b[32m\"Go to previous page\"\u001b[39m\n        \u001b[33mclass\u001b[39m=\u001b[32m\"inline-flex items-center justify-center whitespace-nowrap rounded-md text-sm font-medium ring-offset-background transition-colors focus-visible:outline-none focus-visible:ring-2 focus-visible:ring-ring focus-visible:ring-offset-2 disabled:pointer-events-none disabled:opacity-50 [&_svg]:pointer-events-none [&_svg]:size-4 [&_svg]:shrink-0 hover:bg-accent hover:text-accent-foreground h-10 px-4 py-2 gap-1 pl-2.5\"\u001b[39m\n        \u001b[33mhref\u001b[39m=\u001b[32m\"#\"\u001b[39m\n      \u001b[36m/>\u001b[39m\n\n      Name \"1\":\n      \u001b[36m<a\u001b[39m\n        \u001b[33maria-current\u001b[39m=\u001b[32m\"page\"\u001b[39m\n        \u001b[33mclass\u001b[39m=\u001b[32m\"inline-flex items-center justify-center gap-2 whitespace-nowrap rounded-md text-sm font-medium ring-offset-background transition-colors focus-visible:outline-none focus-visible:ring-2 focus-visible:ring-ring focus-visible:ring-offset-2 disabled:pointer-events-none disabled:opacity-50 [&_svg]:pointer-events-none [&_svg]:size-4 [&_svg]:shrink-0 border border-input bg-background hover:bg-accent hover:text-accent-foreground h-10 w-10\"\u001b[39m\n        \u001b[33mhref\u001b[39m=\u001b[32m\"#\"\u001b[39m\n      \u001b[36m/>\u001b[39m\n\n      Name \"2\":\n      \u001b[36m<a\u001b[39m\n        \u001b[33mclass\u001b[39m=\u001b[32m\"inline-flex items-center justify-center gap-2 whitespace-nowrap rounded-md text-sm font-medium ring-offset-background transition-colors focus-visible:outline-none focus-visible:ring-2 focus-visible:ring-ring focus-visible:ring-offset-2 disabled:pointer-events-none disabled:opacity-50 [&_svg]:pointer-events-none [&_svg]:size-4 [&_svg]:shrink-0 hover:bg-accent hover:text-accent-foreground h-10 w-10\"\u001b[39m\n        \u001b[33mhref\u001b[39m=\u001b[32m\"#\"\u001b[39m\n      \u001b[36m/>\u001b[39m\n\n      Name \"Go to next page\":\n      \u001b[36m<a\u001b[39m\n        \u001b[33maria-label\u001b[39m=\u001b[32m\"Go to next page\"\u001b[39m\n        \u001b[33mclass\u001b[39m=\u001b[32m\"inline-flex items-center justify-center whitespace-nowrap rounded-md text-sm font-medium ring-offset-background transition-colors focus-visible:outline-none focus-visible:ring-2 focus-visible:ring-ring focus-visible:ring-offset-2 disabled:pointer-events-none disabled:opacity-50 [&_svg]:pointer-events-none [&_svg]:size-4 [&_svg]:shrink-0 hover:bg-accent hover:text-accent-foreground h-10 px-4 py-2 gap-1 pr-2.5\"\u001b[39m\n        \u001b[33mhref\u001b[39m=\u001b[32m\"#\"\u001b[39m\n      \u001b[36m/>\u001b[39m\n\n      --------------------------------------------------\n\n    Ignored nodes: comments, script, style\n    \u001b[36m<body>\u001b[39m\n      \u001b[36m<div>\u001b[39m\n        \u001b[36m<section>\u001b[39m\n          \u001b[36m<header\u001b[39m\n            \u001b[33mclass\u001b[39m=\u001b[32m\"mb-2\"\u001b[39m\n          \u001b[36m>\u001b[39m\n            \u001b[36m<h1\u001b[39m\n              \u001b[33mclass\u001b[39m=\u001b[32m\"text-base font-semibold leading-tight\"\u001b[39m\n            \u001b[36m>\u001b[39m\n              \u001b[0mPayments\u001b[0m\n            \u001b[36m</h1>\u001b[39m\n            \u001b[36m<p\u001b[39m\n              \u001b[33mclass\u001b[39m=\u001b[32m\"text-sm text-muted-foreground\"\u001b[39m\n            \u001b[36m>\u001b[39m\n              \u001b[0mHistory of your recent payments.\u001b[0m\n            \u001b[36m</p>\u001b[39m\n          \u001b[36m</header>\u001b[39m\n          \u001b[36m<div\u001b[39m\n            \u001b[33mclass\u001b[39m=\u001b[32m\"rounded-lg border bg-card text-card-foreground shadow-sm\"\u001b[39m\n          \u001b[36m>\u001b[39m\n            \u001b[36m<div\u001b[39m\n              \u001b[33mclass\u001b[39m=\u001b[32m\"flex flex-col space-y-1.5 p-6\"\u001b[39m\n            \u001b[36m>\u001b[39m\n              \u001b[36m<div\u001b[39m\n                \u001b[33mclass\u001b[39m=\u001b[32m\"flex items-start justify-between gap-3 flex-wrap\"\u001b[39m\n              \u001b[36m>\u001b[39m\n                \u001b[36m<div>\u001b[39m\n                  \u001b[36m<h3\u001b[39m\n                    \u001b[33mclass\u001b[39m=\u001b[32m\"text-2xl font-semibold leading-none tracking-tight\"\u001b[39m\n                  \u001b[36m>\u001b[39m\n                    \u001b[0mTransactions\u001b[0m\n                  \u001b[36m</h3>\u001b[39m\n                  \u001b[36m<p\u001b[39m\n                    \u001b[33mclass\u001b[39m=\u001b[32m\"text-sm text-muted-foreground\"\u001b[39m\n                  \u001b[36m>\u001b[39m\n                    \u001b[0mDemo data with client-side search and filters.\u001b[0m\n                  \u001b[36m</p>\u001b[39m\n                \u001b[36m</div>\u001b[39m\n                \u001b[36m<div\u001b[39m\n                  \u001b[33mclass\u001b[39m=\u001b[32m\"flex items-center gap-2 w-full sm:w-auto\"\u001b[39m\n                \u001b[36m>\u001b[39m\n                  \u001b[36m<input\u001b[39m\n                    \u001b[33mclass\u001b[39m=\u001b[32m\"flex h-10 rounded-md border border-input bg-background px-3 py-2 text-base ring-offset-background file:border-0 file:bg-transparent file:text-sm file:font-medium file:text-foreground placeholder:text-muted-foreground focus-visible:outline-none focus-visible:ring-2 focus-visible:ring-ring focus-visible:ring-offset-2 disabled:cursor-not-allowed disabled:opacity-50 md:text-sm w-full sm:w-56\"\u001b[39m\n                    \u001b[33mplaceholder\u001b[39m=\u001b[32m\"Search payments...\"\u001b[39m\n                    \u001b[33mvalue\u001b[39m=\u001b[32m\"\"\u001b[39m\n                  \u001b[36m/>\u001b[39m\n                  \u001b[36m<button\u001b[39m\n                    \u001b[33maria-autocomplete\u001b[39m=\u001b[32m\"none\"\u001b[39m\n                    \u001b[33maria-controls\u001b[39m=\u001b[32m\"radix-:rm:\"\u001b[39m\n                    \u001b[33maria-expanded\u001b[39m=\u001b[32m\"false\"\u001b[39m\n                    \u001b[33mclass\u001b[39m=\u001b[32m\"flex h-10 items-center justify-between rounded-md border border-input bg-background px-3 py-2 text-sm ring-offset-background placeholder:text-muted-foreground focus:outline-none focus:ring-2 focus:ring-ring focus:ring-offset-2 disabled:cursor-not-allowed disabled:opacity-50 [&>span]:line-clamp-1 w-[140px]\"\u001b[39m\n                    \u001b[33mdata-state\u001b[39m=\u001b[32m\"closed\"\u001b[39m\n                    \u001b[33mdir\u001b[39m=\u001b[32m\"ltr\"\u001b[39m\n                    \u001b[33mrole\u001b[39m=\u001b[32m\"combobox\"\u001b[39m\n                    \u001b[33mtype\u001b[39m=\u001b[32m\"button\"\u001b[39m\n                  \u001b[36m>\u001b[39m\n                    \u001b[36m<span\u001b[39m\n                      \u001b[33mstyle\u001b[39m=\u001b[32m\"pointer-events: none;\"\u001b[39m\n                    \u001b[36m>\u001b[39m\n                      \u001b[0mAll\u001b[0m\n                    \u001b[36m</span>\u001b[39m\n                    \u001b[36m<svg\u001b[39m\n                      \u001b[33maria-hidden\u001b[39m=\u001b[32m\"true\"\u001b[39m\n                      \u001b[33mclass\u001b[39m=\u001b[32m\"lucide lucide-chevron-down h-4 w-4 opacity-50\"\u001b[39m\n                      \u001b[33mfill\u001b[39m=\u001b[32m\"none\"\u001b[39m\n                      \u001b[33mheight\u001b[39m=\u001b[32m\"24\"\u001b[39m\n                      \u001b[33mstroke\u001b[39m=\u001b[32m\"currentColor\"\u001b[39m\n                      \u001b[33mstroke-linecap\u001b[39m=\u001b[32m\"round\"\u001b[39m\n                      \u001b[33mstroke-linejoin\u001b[39m=\u001b[32m\"round\"\u001b[39m\n                      \u001b[33mstroke-width\u001b[39m=\u001b[32m\"2\"\u001b[39m\n                      \u001b[33mviewBox\u001b[39m=\u001b[32m\"0 0 24 24\"\u001b[39m\n                      \u001b[33mwidth\u001b[39m=\u001b[32m\"24\"\u001b[39m\n                      \u001b[33mxmlns\u001b[39m=\u001b[32m\"http://www.w3.org/2000/svg\"\u001b[39m\n                    \u001b[36m>\u001b[39m\n                      \u001b[36m<path\u001b[39m\n                        \u001b[33md\u001b[39m=\u001b[32m\"m6 9 6 6 6-6\"\u001b[39m\n                      \u001b[36m/>\u001b[39m\n                    \u001b[36m</svg>\u001b[39m\n                  \u001b[36m</button>\u001b[39m\n                \u001b[36m</div>\u001b[39m\n              \u001b[36m</div>\u001b[39m\n            \u001b[36m</div>\u001b[39m\n            \u001b[36m<div\u001b[39m\n              \u001b[33mclass\u001b[39m=\u001b[32m\"p-6 pt-0\"\u001b[39m\n            \u001b[36m>\u001b[39m\n              \u001b[36m<div\u001b[39m\n                \u001b[33mclass\u001b[39m=\u001b[32m\"w-full overflow-x-auto\"\u001b[39m\n              \u001b[36m>\u001b[39m\n                \u001b[36m<div\u001b[39m\n                  \u001b[33mclass\u001b[39m=\u001b[32m\"relative w-full overflow-auto\"\u001b[39m\n                \u001b[36m>\u001b[39m\n                  \u001b[36m<table\u001b[39m\n                    \u001b[33mclass\u001b[39m=\u001b[32m\"w-full caption-bottom text-sm\"\u001b[39m\n                  \u001b[36m>\u001b[39m\n                    \u001b[36m<caption\u001b[39m\n                      \u001b[33mclass\u001b[39m=\u001b[32m\"mt-4 text-sm text-muted-foreground\"\u001b[39m\n                    \u001b[36m>\u001b[39m\n                      \u001b[0mRecent activity\u001b[0m\n                    \u001b[36m</caption>\u001b[39m\n                    \u001b[36m<thead\u001b[39m\n                      \u001b[33mclass\u001b[39m=\u001b[32m\"[&_tr]:border-b\"\u001b[39m\n                    \u001b[36m>\u001b[39m\n                      \u001b[36m<tr\u001b[39m\n                        \u001b[33mclass\u001b[39m=\u001b[32m\"border-b transition-colors hover:bg-muted/50 data-[state=selected]:bg-muted\"\u001b[39m\n                      \u001b[36m>\u001b[39m\n                        \u001b[36m<th\u001b[39m\n                          \u001b[33mclass\u001b[39m=\u001b[32m\"h-12 px-4 text-left align-middle font-medium text-muted-foreground [&:has([role=checkbox])]:pr-0\"\u001b[39m\n                        \u001b[36m>\u001b[39m\n                          \u001b[0mDate\u001b[0m\n                        \u001b[36m</th>\u001b[39m\n                        \u001b[36m<th\u001b[39m\n                          \u001b[33mclass\u001b[39m=\u001b[32m\"h-12 px-4 text-left align-middle font-medium text-muted-foreground [&:has([role=checkbox])]:pr-0\"\u001b[39m\n                        \u001b[36m>\u001b[39m\n                          \u001b[0mType\u001b[0m\n                        \u001b[36m</th>\u001b[39m\n                        \u001b[36m<th\u001b[39m\n                          \u001b[33mclass\u001b[39m=\u001b[32m\"h-12 px-4 text-left align-middle font-medium text-muted-foreground [&:has([role=checkbox])]:pr-0\"\u001b[39m\n                        \u001b[36m>\u001b[39m\n                          \u001b[0mAmount\u001b[0m\n                        \u001b[36m</th>\u001b[39m\n                        \u001b[36m<th\u001b[39m\n                          \u001b[33mclass\u001b[39m=\u001b[32m\"h-12 px-4 text-left align-middle font-medium text-muted-foreground [&:has([role=checkbox])]:pr-0\"\u001b[39m\n                        \u001b[36m>\u001b[39m\n                          \u001b[0mStatus\u001b[0m\n                        \u001b[36m</th>\u001b[39m\n                        \u001b[36m<th\u001b[39m\n                          \u001b[33mclass\u001b[39m=\u001b[32m\"h-12 px-4 align-middle font-medium text-muted-foreground [&:has([role=checkbox])]:pr-0 text-right\"\u001b[39m\n                        \u001b[36m>\u001b[39m\n                          \u001b[0mActions\u001b[0m\n                        \u001b[36m</th>\u001b[39m\n                      \u001b[36m</tr>\u001b[39m\n                    \u001b[36m</thead>\u001b[39m\n                    \u001b[36m<tbody\u001b[39m\n                      \u001b[33mclass\u001b[39m=\u001b[32m\"[&_tr:last-child]:border-0\"\u001b[39m\n                    \u001b[36m>\u001b[39m\n                      \u001b[36m<tr\u001b[39m\n                        \u001b[33mclass\u001b[39m=\u001b[32m\"border-b transition-colors hover:bg-muted/50 data-[state=selected]:bg-muted\"\u001b[39m\n                      \u001b[36m>\u001b[39m\n                        \u001b[36m<td\u001b[39m\n                          \u001b[33mclass\u001b[39m=\u001b[...\n\u001b[2m\u001b[22m\n\u001b[2m    \u001b[0m \u001b[90m 39 |\u001b[39m\u001b[22m\n\u001b[2m     \u001b[90m 40 |\u001b[39m   \u001b[90m// Open the Radix Select and choose Pending (initial label shows 'All')\u001b[39m\u001b[22m\n\u001b[2m    \u001b[31m\u001b[1m>\u001b[22m\u001b[2m\u001b[39m\u001b[90m 41 |\u001b[39m   \u001b[36mconst\u001b[39m trigger \u001b[33m=\u001b[39m screen\u001b[33m.\u001b[39mgetByRole(\u001b[32m\"combobox\"\u001b[39m\u001b[33m,\u001b[39m { name\u001b[33m:\u001b[39m \u001b[35m/all/i\u001b[39m })\u001b[33m;\u001b[39m\u001b[22m\n\u001b[2m     \u001b[90m    |\u001b[39m                          \u001b[31m\u001b[1m^\u001b[22m\u001b[2m\u001b[39m\u001b[22m\n\u001b[2m     \u001b[90m 42 |\u001b[39m   \u001b[36mawait\u001b[39m user\u001b[33m.\u001b[39mclick(trigger)\u001b[33m;\u001b[39m\u001b[22m\n\u001b[2m     \u001b[90m 43 |\u001b[39m   \u001b[36mawait\u001b[39m user\u001b[33m.\u001b[39mclick(screen\u001b[33m.\u001b[39mgetByText(\u001b[35m/pending/i\u001b[39m))\u001b[33m;\u001b[39m\u001b[22m\n\u001b[2m     \u001b[90m 44 |\u001b[39m\u001b[0m\u001b[22m\n\u001b[2m\u001b[22m\n\u001b[2m      \u001b[2mat Object.getElementError (\u001b[22m\u001b[2mnode_modules/@testing-library/dom/dist/config.js\u001b[2m:37:19)\u001b[22m\u001b[2m\u001b[22m\n\u001b[2m      \u001b[2mat \u001b[22m\u001b[2mnode_modules/@testing-library/dom/dist/query-helpers.js\u001b[2m:76:38\u001b[22m\u001b[2m\u001b[22m\n\u001b[2m      \u001b[2mat \u001b[22m\u001b[2mnode_modules/@testing-library/dom/dist/query-helpers.js\u001b[2m:52:17\u001b[22m\u001b[2m\u001b[22m\n\u001b[2m      \u001b[2mat \u001b[22m\u001b[2mnode_modules/@testing-library/dom/dist/query-helpers.js\u001b[2m:95:19\u001b[22m\u001b[2m\u001b[22m\n\u001b[2m      \u001b[2mat Object.<anonymous> (\u001b[22m\u001b[2m\u001b[0m\u001b[36msrc/__tests__/settings/PaymentsPage.test.tsx\u001b[39m\u001b[0m\u001b[2m:41:26)\u001b[22m\u001b[2m\u001b[22m\n","name":"/home/sekmet/DEVELOPMENT/STREAM-NFT/corefans-app/src/__tests__/settings/PaymentsPage.test.tsx","startTime":1755175059305,"status":"failed","summary":""},{"assertionResults":[{"ancestorTitles":["Login page"],"duration":113,"failureDetails":[],"failureMessages":[],"fullName":"Login page shows validation errors for empty fields","invocations":1,"location":null,"numPassingAsserts":2,"retryReasons":[],"status":"passed","title":"shows validation errors for empty fields"},{"ancestorTitles":["Login page"],"duration":155,"failureDetails":[],"failureMessages":[],"fullName":"Login page submits email/password and navigates to /profile on success","invocations":1,"location":null,"numPassingAsserts":3,"retryReasons":[],"status":"passed","title":"submits email/password and navigates to /profile on success"}],"endTime":1755175061232,"message":"","name":"/home/sekmet/DEVELOPMENT/STREAM-NFT/corefans-app/src/__tests__/Login.test.tsx","startTime":1755175060792,"status":"passed","summary":""},{"assertionResults":[{"ancestorTitles":["Signup page"],"duration":72,"failureDetails":[],"failureMessages":[],"fullName":"Signup page shows validation errors for empty fields","invocations":1,"location":null,"numPassingAsserts":3,"retryReasons":[],"status":"passed","title":"shows validation errors for empty fields"},{"ancestorTitles":["Signup page"],"duration":172,"failureDetails":[],"failureMessages":[],"fullName":"Signup page submits name/email/password and navigates to /profile on success","invocations":1,"location":null,"numPassingAsserts":3,"retryReasons":[],"status":"passed","title":"submits name/email/password and navigates to /profile on success"}],"endTime":1755175061658,"message":"","name":"/home/sekmet/DEVELOPMENT/STREAM-NFT/corefans-app/src/__tests__/Signup.test.tsx","startTime":1755175061265,"status":"passed","summary":""},{"assertionResults":[{"ancestorTitles":[],"duration":94,"failureDetails":[],"failureMessages":[],"fullName":"highlights active nav item (Profile) and renders outlet","invocations":1,"location":null,"numPassingAsserts":5,"retryReasons":[],"status":"passed","title":"highlights active nav item (Profile) and renders outlet"},{"ancestorTitles":[],"duration":53,"failureDetails":[],"failureMessages":[],"fullName":"switching route would highlight different item (Account)","invocations":1,"location":null,"numPassingAsserts":1,"retryReasons":[],"status":"passed","title":"switching route would highlight different item (Account)"}],"endTime":1755175061989,"message":"","name":"/home/sekmet/DEVELOPMENT/STREAM-NFT/corefans-app/src/__tests__/settings/SettingsLayout.test.tsx","startTime":1755175061680,"status":"passed","summary":""},{"assertionResults":[{"ancestorTitles":["ProtectedRoute redirect"],"duration":18,"failureDetails":[],"failureMessages":[],"fullName":"ProtectedRoute redirect redirects to /login when no session","invocations":1,"location":null,"numPassingAsserts":1,"retryReasons":[],"status":"passed","title":"redirects to /login when no session"}],"endTime":1755175062151,"message":"","name":"/home/sekmet/DEVELOPMENT/STREAM-NFT/corefans-app/src/__tests__/ProtectedRoute.redirect.test.tsx","startTime":1755175062010,"status":"passed","summary":""},{"assertionResults":[{"ancestorTitles":["ProtectedRoute"],"duration":13,"failureDetails":[],"failureMessages":[],"fullName":"ProtectedRoute renders children when session exists","invocations":1,"location":null,"numPassingAsserts":1,"retryReasons":[],"status":"passed","title":"renders children when session exists"}],"endTime":1755175062304,"message":"","name":"/home/sekmet/DEVELOPMENT/STREAM-NFT/corefans-app/src/__tests__/ProtectedRoute.test.tsx","startTime":1755175062170,"status":"passed","summary":""}],"wasInterrupted":false}
